src/__tests__/utils/mockData.ts(57,3): error TS7018: Object literal's property 'redeemedAt' implicitly has an 'any' type.
src/__tests__/utils/mockData.ts(146,3): error TS7018: Object literal's property 'transferHistory' implicitly has an 'any[]' type.
src/__tests__/utils/testHelpers.ts(127,3): error TS7018: Object literal's property 'user' implicitly has an 'any' type.
src/controllers/auction.ts(66,29): error TS2304: Cannot find name 'PublicKey'.
src/controllers/auction.ts(67,32): error TS2304: Cannot find name 'PublicKey'.
src/controllers/auction.ts(72,42): error TS2554: Expected 9 arguments, but got 6.
src/controllers/auction.ts(213,30): error TS2304: Cannot find name 'PublicKey'.
src/controllers/auction.ts(214,32): error TS2304: Cannot find name 'PublicKey'.
src/controllers/auction.ts(220,9): error TS2345: Argument of type 'BN' is not assignable to parameter of type 'number'.
src/controllers/auction.ts(327,30): error TS2304: Cannot find name 'PublicKey'.
src/controllers/auction.ts(328,35): error TS2304: Cannot find name 'PublicKey'.
src/controllers/auction.ts(331,42): error TS2339: Property 'settleAuction' does not exist on type 'SolanaService'.
src/controllers/badge.ts(247,29): error TS2538: Type '{ firstPurchase?: never; fiftyRedemptions?: never; topReviewer?: never; earlyAdopter?: never; merchantPartner?: never; communityModerator?: never; } & { tenRedemptions: Record<string, never>; }' cannot be used as an index type.
src/controllers/badge.ts(247,29): error TS2538: Type '{ firstPurchase?: never; tenRedemptions?: never; fiftyRedemptions?: never; earlyAdopter?: never; merchantPartner?: never; communityModerator?: never; } & { topReviewer: Record<string, never>; }' cannot be used as an index type.
src/controllers/badge.ts(247,29): error TS2538: Type '{ firstPurchase?: never; tenRedemptions?: never; fiftyRedemptions?: never; topReviewer?: never; earlyAdopter?: never; communityModerator?: never; } & { merchantPartner: Record<string, never>; }' cannot be used as an index type.
src/controllers/badge.ts(247,29): error TS2538: Type '{ firstPurchase?: never; tenRedemptions?: never; fiftyRedemptions?: never; topReviewer?: never; earlyAdopter?: never; merchantPartner?: never; } & { communityModerator: Record<string, never>; }' cannot be used as an index type.
src/controllers/badge.ts(247,29): error TS2538: Type '{ firstPurchase?: never; tenRedemptions?: never; fiftyRedemptions?: never; topReviewer?: never; merchantPartner?: never; communityModerator?: never; } & { earlyAdopter: Record<string, never>; }' cannot be used as an index type.
src/controllers/badge.ts(247,29): error TS2538: Type '{ firstPurchase?: never; tenRedemptions?: never; topReviewer?: never; earlyAdopter?: never; merchantPartner?: never; communityModerator?: never; } & { fiftyRedemptions: Record<string, never>; }' cannot be used as an index type.
src/controllers/badge.ts(247,29): error TS2538: Type '{ tenRedemptions?: never; fiftyRedemptions?: never; topReviewer?: never; earlyAdopter?: never; merchantPartner?: never; communityModerator?: never; } & { firstPurchase: Record<string, never>; }' cannot be used as an index type.
src/controllers/badge.ts(248,43): error TS2538: Type '{ firstPurchase?: never; fiftyRedemptions?: never; topReviewer?: never; earlyAdopter?: never; merchantPartner?: never; communityModerator?: never; } & { tenRedemptions: Record<string, never>; }' cannot be used as an index type.
src/controllers/badge.ts(248,43): error TS2538: Type '{ firstPurchase?: never; tenRedemptions?: never; fiftyRedemptions?: never; earlyAdopter?: never; merchantPartner?: never; communityModerator?: never; } & { topReviewer: Record<string, never>; }' cannot be used as an index type.
src/controllers/badge.ts(248,43): error TS2538: Type '{ firstPurchase?: never; tenRedemptions?: never; fiftyRedemptions?: never; topReviewer?: never; earlyAdopter?: never; communityModerator?: never; } & { merchantPartner: Record<string, never>; }' cannot be used as an index type.
src/controllers/badge.ts(248,43): error TS2538: Type '{ firstPurchase?: never; tenRedemptions?: never; fiftyRedemptions?: never; topReviewer?: never; earlyAdopter?: never; merchantPartner?: never; } & { communityModerator: Record<string, never>; }' cannot be used as an index type.
src/controllers/badge.ts(248,43): error TS2538: Type '{ firstPurchase?: never; tenRedemptions?: never; fiftyRedemptions?: never; topReviewer?: never; merchantPartner?: never; communityModerator?: never; } & { earlyAdopter: Record<string, never>; }' cannot be used as an index type.
src/controllers/badge.ts(248,43): error TS2538: Type '{ firstPurchase?: never; tenRedemptions?: never; topReviewer?: never; earlyAdopter?: never; merchantPartner?: never; communityModerator?: never; } & { fiftyRedemptions: Record<string, never>; }' cannot be used as an index type.
src/controllers/badge.ts(248,43): error TS2538: Type '{ tenRedemptions?: never; fiftyRedemptions?: never; topReviewer?: never; earlyAdopter?: never; merchantPartner?: never; communityModerator?: never; } & { firstPurchase: Record<string, never>; }' cannot be used as an index type.
src/controllers/badge.ts(260,23): error TS2554: Expected 4 arguments, but got 3.
src/controllers/coupon.ts(175,23): error TS2554: Expected 4 arguments, but got 3.
src/controllers/external.ts(23,45): error TS2339: Property 'fetchFlightDeals' does not exist on type 'AggregatorService'.
src/controllers/external.ts(87,45): error TS2339: Property 'fetchHotelDeals' does not exist on type 'AggregatorService'.
src/controllers/group-deal.ts(55,42): error TS2554: Expected 8 arguments, but got 6.
src/controllers/group-deal.ts(171,9): error TS2554: Expected 2 arguments, but got 3.
src/controllers/marketplace.ts(67,29): error TS2304: Cannot find name 'PublicKey'.
src/controllers/marketplace.ts(68,32): error TS2304: Cannot find name 'PublicKey'.
src/controllers/marketplace.ts(143,23): error TS2554: Expected 4 arguments, but got 3.
src/controllers/marketplace.ts(188,30): error TS2304: Cannot find name 'PublicKey'.
src/controllers/marketplace.ts(189,31): error TS2304: Cannot find name 'PublicKey'.
src/controllers/merchant.ts(165,23): error TS2554: Expected 4 arguments, but got 3.
src/controllers/promotion.ts(175,9): error TS2322: Type '{ location?: { latitude: number; longitude: number; }; }[]' is not assignable to type '{ merchantDetails: Document<unknown, {}, IMerchant, {}, {}> & IMerchant & Required<{ _id: unknown; }> & { __v: number; }; onChainAddress: string; merchant: string; ... 22 more ...; __v: number; }[]'.
  Type '{ location?: { latitude: number; longitude: number; }; }' is missing the following properties from type '{ merchantDetails: Document<unknown, {}, IMerchant, {}, {}> & IMerchant & Required<{ _id: unknown; }> & { __v: number; }; onChainAddress: string; merchant: string; ... 22 more ...; __v: number; }': merchantDetails, onChainAddress, merchant, title, and 19 more.
src/controllers/promotion.ts(176,11): error TS2345: Argument of type '{ merchantDetails: Document<unknown, {}, IMerchant, {}, {}> & IMerchant & Required<{ _id: unknown; }> & { __v: number; }; onChainAddress: string; merchant: string; ... 22 more ...; __v: number; }[]' is not assignable to parameter of type '{ location?: { latitude: number; longitude: number; }; }[]'.
  Type '{ merchantDetails: Document<unknown, {}, IMerchant, {}, {}> & IMerchant & Required<{ _id: unknown; }> & { __v: number; }; onChainAddress: string; merchant: string; ... 22 more ...; __v: number; }' has no properties in common with type '{ location?: { latitude: number; longitude: number; }; }'.
src/controllers/promotion.ts(206,23): error TS2554: Expected 4 arguments, but got 3.
src/controllers/rating.ts(34,35): error TS2304: Cannot find name 'PublicKey'.
src/controllers/rating.ts(35,30): error TS2304: Cannot find name 'PublicKey'.
src/controllers/rating.ts(38,27): error TS2304: Cannot find name 'PublicKey'.
src/controllers/rating.ts(48,30): error TS2304: Cannot find name 'PublicKey'.
src/controllers/rating.ts(92,35): error TS2304: Cannot find name 'PublicKey'.
src/controllers/rating.ts(141,23): error TS2554: Expected 4 arguments, but got 3.
src/controllers/rating.ts(162,30): error TS2304: Cannot find name 'PublicKey'.
src/controllers/rating.ts(193,23): error TS2554: Expected 4 arguments, but got 3.
src/controllers/rating.ts(213,35): error TS2304: Cannot find name 'PublicKey'.
src/controllers/rating.ts(214,30): error TS2304: Cannot find name 'PublicKey'.
src/controllers/rating.ts(217,27): error TS2304: Cannot find name 'PublicKey'.
src/controllers/redemption-ticket.ts(62,9): error TS2345: Argument of type 'BN' is not assignable to parameter of type 'number'.
src/controllers/redemption.ts(178,29): error TS2304: Cannot find name 'PublicKey'.
src/controllers/redemption.ts(179,30): error TS2304: Cannot find name 'PublicKey'.
src/controllers/redemption.ts(180,37): error TS2304: Cannot find name 'PublicKey'.
src/controllers/staking.ts(151,23): error TS2554: Expected 4 arguments, but got 3.
src/controllers/user-stats.ts(87,32): error TS2538: Type '{ bronze?: never; gold?: never; platinum?: never; diamond?: never; } & { silver: Record<string, never>; }' cannot be used as an index type.
src/controllers/user-stats.ts(87,32): error TS2538: Type '{ bronze?: never; silver?: never; gold?: never; diamond?: never; } & { platinum: Record<string, never>; }' cannot be used as an index type.
src/controllers/user-stats.ts(87,32): error TS2538: Type '{ bronze?: never; silver?: never; gold?: never; platinum?: never; } & { diamond: Record<string, never>; }' cannot be used as an index type.
src/controllers/user-stats.ts(87,32): error TS2538: Type '{ bronze?: never; silver?: never; platinum?: never; diamond?: never; } & { gold: Record<string, never>; }' cannot be used as an index type.
src/controllers/user-stats.ts(87,32): error TS2538: Type '{ silver?: never; gold?: never; platinum?: never; diamond?: never; } & { bronze: Record<string, never>; }' cannot be used as an index type.
src/controllers/user-stats.ts(125,53): error TS2367: This comparison appears to be unintentional because the types 'DecodeEnum<{ kind: "enum"; variants: [{ name: "bronze"; }, { name: "silver"; }, { name: "gold"; }, { name: "platinum"; }, { name: "diamond"; }]; }, DecodedHelper<[{ name: "auctionCancelled"; type: { kind: "struct"; fields: [...]; }; }, ... 50 more ..., { ...; }], DecodedHelper<...>>>' and 'number' have no overlap.
src/controllers/user-stats.ts(153,30): error TS2538: Type '{ bronze?: never; gold?: never; platinum?: never; diamond?: never; } & { silver: Record<string, never>; }' cannot be used as an index type.
src/controllers/user-stats.ts(153,30): error TS2538: Type '{ bronze?: never; silver?: never; gold?: never; diamond?: never; } & { platinum: Record<string, never>; }' cannot be used as an index type.
src/controllers/user-stats.ts(153,30): error TS2538: Type '{ bronze?: never; silver?: never; gold?: never; platinum?: never; } & { diamond: Record<string, never>; }' cannot be used as an index type.
src/controllers/user-stats.ts(153,30): error TS2538: Type '{ bronze?: never; silver?: never; platinum?: never; diamond?: never; } & { gold: Record<string, never>; }' cannot be used as an index type.
src/controllers/user-stats.ts(153,30): error TS2538: Type '{ silver?: never; gold?: never; platinum?: never; diamond?: never; } & { bronze: Record<string, never>; }' cannot be used as an index type.
src/controllers/user-stats.ts(167,23): error TS2554: Expected 4 arguments, but got 3.
src/controllers/user-stats.ts(221,31): error TS2538: Type '{ firstPurchase?: never; fiftyRedemptions?: never; topReviewer?: never; earlyAdopter?: never; merchantPartner?: never; communityModerator?: never; } & { tenRedemptions: Record<string, never>; }' cannot be used as an index type.
src/controllers/user-stats.ts(221,31): error TS2538: Type '{ firstPurchase?: never; tenRedemptions?: never; fiftyRedemptions?: never; earlyAdopter?: never; merchantPartner?: never; communityModerator?: never; } & { topReviewer: Record<string, never>; }' cannot be used as an index type.
src/controllers/user-stats.ts(221,31): error TS2538: Type '{ firstPurchase?: never; tenRedemptions?: never; fiftyRedemptions?: never; topReviewer?: never; earlyAdopter?: never; communityModerator?: never; } & { merchantPartner: Record<string, never>; }' cannot be used as an index type.
src/controllers/user-stats.ts(221,31): error TS2538: Type '{ firstPurchase?: never; tenRedemptions?: never; fiftyRedemptions?: never; topReviewer?: never; earlyAdopter?: never; merchantPartner?: never; } & { communityModerator: Record<string, never>; }' cannot be used as an index type.
src/controllers/user-stats.ts(221,31): error TS2538: Type '{ firstPurchase?: never; tenRedemptions?: never; fiftyRedemptions?: never; topReviewer?: never; merchantPartner?: never; communityModerator?: never; } & { earlyAdopter: Record<string, never>; }' cannot be used as an index type.
src/controllers/user-stats.ts(221,31): error TS2538: Type '{ firstPurchase?: never; tenRedemptions?: never; topReviewer?: never; earlyAdopter?: never; merchantPartner?: never; communityModerator?: never; } & { fiftyRedemptions: Record<string, never>; }' cannot be used as an index type.
src/controllers/user-stats.ts(221,31): error TS2538: Type '{ tenRedemptions?: never; fiftyRedemptions?: never; topReviewer?: never; earlyAdopter?: never; merchantPartner?: never; communityModerator?: never; } & { firstPurchase: Record<string, never>; }' cannot be used as an index type.
src/controllers/user-stats.ts(278,16): error TS2678: Type 'ReputationTier' is not comparable to type 'DecodeEnum<{ kind: "enum"; variants: [{ name: "bronze"; }, { name: "silver"; }, { name: "gold"; }, { name: "platinum"; }, { name: "diamond"; }]; }, DecodedHelper<[{ name: "auctionCancelled"; type: { kind: "struct"; fields: [...]; }; }, ... 50 more ..., { ...; }], DecodedHelper<...>>>'.
src/controllers/user-stats.ts(281,16): error TS2678: Type 'ReputationTier' is not comparable to type 'DecodeEnum<{ kind: "enum"; variants: [{ name: "bronze"; }, { name: "silver"; }, { name: "gold"; }, { name: "platinum"; }, { name: "diamond"; }]; }, DecodedHelper<[{ name: "auctionCancelled"; type: { kind: "struct"; fields: [...]; }; }, ... 50 more ..., { ...; }], DecodedHelper<...>>>'.
src/controllers/user-stats.ts(284,16): error TS2678: Type 'ReputationTier' is not comparable to type 'DecodeEnum<{ kind: "enum"; variants: [{ name: "bronze"; }, { name: "silver"; }, { name: "gold"; }, { name: "platinum"; }, { name: "diamond"; }]; }, DecodedHelper<[{ name: "auctionCancelled"; type: { kind: "struct"; fields: [...]; }; }, ... 50 more ..., { ...; }], DecodedHelper<...>>>'.
src/controllers/user-stats.ts(287,16): error TS2678: Type 'ReputationTier' is not comparable to type 'DecodeEnum<{ kind: "enum"; variants: [{ name: "bronze"; }, { name: "silver"; }, { name: "gold"; }, { name: "platinum"; }, { name: "diamond"; }]; }, DecodedHelper<[{ name: "auctionCancelled"; type: { kind: "struct"; fields: [...]; }; }, ... 50 more ..., { ...; }], DecodedHelper<...>>>'.
src/controllers/user-stats.ts(290,16): error TS2678: Type 'ReputationTier' is not comparable to type 'DecodeEnum<{ kind: "enum"; variants: [{ name: "bronze"; }, { name: "silver"; }, { name: "gold"; }, { name: "platinum"; }, { name: "diamond"; }]; }, DecodedHelper<[{ name: "auctionCancelled"; type: { kind: "struct"; fields: [...]; }; }, ... 50 more ..., { ...; }], DecodedHelper<...>>>'.
src/middleware/validation.ts(106,3): error TS6133: 'req' is declared but its value is never read.
src/middleware/validation.ts(108,3): error TS6133: 'next' is declared but its value is never read.
src/routes/auth.ts(109,9): error TS2353: Object literal may only specify known properties, and 'merchant' does not exist in type 'ResolvedAccounts<{ name: "merchant"; writable: true; pda: { seeds: [{ kind: "const"; value: [109, 101, 114, 99, 104, 97, 110, 116]; }, { kind: "account"; path: "authority"; }]; }; } | { name: "marketplace"; writable: true; } | { ...; } | { ...; }>'.
src/routes/upload.ts(2,20): error TS2307: Cannot find module 'multer' or its corresponding type declarations.
src/routes/upload.ts(19,42): error TS2694: Namespace 'global.Express' has no exported member 'Multer'.
src/routes/upload.ts(29,39): error TS2694: Namespace 'global.Express' has no exported member 'Multer'.
src/routes/upload.ts(40,41): error TS2694: Namespace 'global.Express' has no exported member 'Multer'.
src/routes/upload.ts(60,14): error TS2339: Property 'file' does not exist on type 'Request<{ type: string; }, any, any, ParsedQs, Record<string, any>>'.
src/routes/upload.ts(68,56): error TS2339: Property 'file' does not exist on type 'Request<{ type: string; }, any, any, ParsedQs, Record<string, any>>'.
src/routes/upload.ts(73,23): error TS2339: Property 'file' does not exist on type 'Request<{ type: string; }, any, any, ParsedQs, Record<string, any>>'.
src/routes/upload.ts(75,19): error TS2339: Property 'file' does not exist on type 'Request<{ type: string; }, any, any, ParsedQs, Record<string, any>>'.
src/routes/upload.ts(76,23): error TS2339: Property 'file' does not exist on type 'Request<{ type: string; }, any, any, ParsedQs, Record<string, any>>'.
src/scripts/seed-database.ts(39,13): error TS2353: Object literal may only specify known properties, and 'marketplace' does not exist in type 'ResolvedAccounts<{ name: "marketplace"; writable: true; pda: { seeds: [{ kind: "const"; value: [109, 97, 114, 107, 101, 116, 112, 108, 97, 99, 101]; }]; }; } | { name: "authority"; writable: true; signer: true; } | { ...; }>'.
src/scripts/seed-database.ts(150,13): error TS2353: Object literal may only specify known properties, and 'merchant' does not exist in type 'ResolvedAccounts<{ name: "merchant"; writable: true; pda: { seeds: [{ kind: "const"; value: [109, 101, 114, 99, 104, 97, 110, 116]; }, { kind: "account"; path: "authority"; }]; }; } | { name: "marketplace"; writable: true; } | { ...; } | { ...; }>'.
src/scripts/seed-database.ts(215,13): error TS2353: Object literal may only specify known properties, and 'promotion' does not exist in type 'ResolvedAccounts<{ name: "promotion"; writable: true; pda: { seeds: [{ kind: "const"; value: [112, 114, 111, 109, 111, 116, 105, 111, 110]; }, { kind: "account"; path: "merchant"; }, { kind: "account"; path: "merchant.total_coupons_created"; account: "merchant"; }]; }; } | { ...; } | { ...; } | { ...; }>'.
src/services/aggregator.service.ts(28,67): error TS6133: 'date' is declared but its value is never read.
src/services/aggregator.service.ts(104,27): error TS6133: 'category' is declared but its value is never read.
src/services/aggregator.service.ts(237,35): error TS6133: 'data' is declared but its value is never read.
src/services/aggregator.service.ts(242,32): error TS6133: 'data' is declared but its value is never read.
src/services/solana.service.ts(27,11): error TS2353: Object literal may only specify known properties, and 'marketplace' does not exist in type 'ResolvedAccounts<{ name: "marketplace"; writable: true; pda: { seeds: [{ kind: "const"; value: [109, 97, 114, 107, 101, 116, 112, 108, 97, 99, 101]; }]; }; } | { name: "authority"; writable: true; signer: true; } | { ...; }>'.
src/services/solana.service.ts(58,11): error TS2353: Object literal may only specify known properties, and 'merchant' does not exist in type 'ResolvedAccounts<{ name: "merchant"; writable: true; pda: { seeds: [{ kind: "const"; value: [109, 101, 114, 99, 104, 97, 110, 116]; }, { kind: "account"; path: "authority"; }]; }; } | { name: "marketplace"; writable: true; } | { ...; } | { ...; }>'.
src/services/solana.service.ts(101,11): error TS2353: Object literal may only specify known properties, and 'promotion' does not exist in type 'ResolvedAccounts<{ name: "promotion"; writable: true; pda: { seeds: [{ kind: "const"; value: [112, 114, 111, 109, 111, 116, 105, 111, 110]; }, { kind: "account"; path: "merchant"; }, { kind: "account"; path: "merchant.total_coupons_created"; account: "merchant"; }]; }; } | { ...; } | { ...; } | { ...; }>'.
src/services/solana.service.ts(172,11): error TS2353: Object literal may only specify known properties, and 'coupon' does not exist in type 'ResolvedAccounts<{ name: "coupon"; writable: true; pda: { seeds: [{ kind: "const"; value: [99, 111, 117, 112, 111, 110]; }, { kind: "account"; path: "promotion"; }, { kind: "account"; path: "promotion.current_supply"; account: "promotion"; }]; }; } | ... 16 more ... | { ...; }>'.
src/services/solana.service.ts(234,11): error TS2353: Object literal may only specify known properties, and 'userStats' does not exist in type 'ResolvedAccounts<{ name: "coupon"; writable: true; } | { name: "nftMint"; writable: true; } | { name: "tokenAccount"; writable: true; } | { name: "merchant"; writable: true; } | { name: "userStats"; writable: true; pda: { ...; }; } | { ...; } | { ...; } | { ...; } | { ...; }>'.
src/services/solana.service.ts(268,11): error TS2353: Object literal may only specify known properties, and 'listing' does not exist in type 'ResolvedAccounts<{ name: "listing"; writable: true; pda: { seeds: [{ kind: "const"; value: [108, 105, 115, 116, 105, 110, 103]; }, { kind: "account"; path: "coupon"; }]; }; } | { name: "coupon"; } | { name: "userStats"; writable: true; pda: { ...; }; } | { ...; } | { ...; }>'.
src/services/solana.service.ts(293,13): error TS6133: 'coupon' is declared but its value is never read.
src/services/solana.service.ts(306,11): error TS2353: Object literal may only specify known properties, and 'systemProgram' does not exist in type 'ResolvedAccounts<{ name: "listing"; writable: true; } | { name: "coupon"; writable: true; } | { name: "marketplace"; } | { name: "seller"; writable: true; } | { name: "buyer"; writable: true; signer: true; } | { name: "marketplaceAuthority"; writable: true; } | { ...; }>'.
src/services/solana.service.ts(358,11): error TS2353: Object literal may only specify known properties, and 'rating' does not exist in type 'ResolvedAccounts<{ name: "rating"; writable: true; pda: { seeds: [{ kind: "const"; value: [114, 97, 116, 105, 110, 103]; }, { kind: "account"; path: "user"; }, { kind: "account"; path: "promotion"; }]; }; } | { name: "promotion"; } | { ...; } | { ...; } | { ...; }>'.
src/services/solana.service.ts(385,5): error TS6133: 'commentId' is declared but its value is never read.
src/services/solana.service.ts(396,11): error TS2353: Object literal may only specify known properties, and 'comment' does not exist in type 'ResolvedAccounts<{ name: "comment"; writable: true; pda: { seeds: [{ kind: "const"; value: [99, 111, 109, 109, 101, 110, 116]; }, { kind: "account"; path: "user"; }, { kind: "account"; path: "promotion"; }]; }; } | ... 4 more ... | { ...; }>'.
src/services/solana.service.ts(429,11): error TS2353: Object literal may only specify known properties, and 'commentLike' does not exist in type 'ResolvedAccounts<{ name: "commentLike"; writable: true; pda: { seeds: [{ kind: "const"; value: [99, 111, 109, 109, 101, 110, 116, 95, 108, 105, 107, 101]; }, { kind: "account"; path: "user"; }, { kind: "account"; path: "comment"; }]; }; } | { ...; } | { ...; } | { ...; }>'.
src/services/solana.service.ts(474,11): error TS2353: Object literal may only specify known properties, and 'externalDeal' does not exist in type 'ResolvedAccounts<{ name: "externalDeal"; writable: true; pda: { seeds: [{ kind: "const"; value: [101, 120, 116, 101, 114, 110, 97, 108, 95, 100, 101, 97, 108]; }, { kind: "arg"; path: "externalId"; }]; }; } | { ...; } | { ...; }>'.
src/services/solana.service.ts(504,11): error TS2353: Object literal may only specify known properties, and 'ticket' does not exist in type 'ResolvedAccounts<{ name: "ticket"; writable: true; pda: { seeds: [{ kind: "const"; value: [116, 105, 99, 107, 101, 116]; }, { kind: "account"; path: "coupon"; }, { kind: "account"; path: "user"; }, { kind: "arg"; path: "nonce"; }]; }; } | { ...; } | { ...; } | { ...; }>'.
src/services/solana.service.ts(557,11): error TS2353: Object literal may only specify known properties, and 'userStats' does not exist in type 'ResolvedAccounts<{ name: "ticket"; writable: true; } | { name: "coupon"; writable: true; } | { name: "nftMint"; writable: true; } | { name: "tokenAccount"; writable: true; } | { name: "merchant"; writable: true; } | ... 4 more ... | { ...; }>'.
src/services/solana.service.ts(625,11): error TS2353: Object literal may only specify known properties, and 'groupDeal' does not exist in type 'ResolvedAccounts<{ name: "groupDeal"; writable: true; pda: { seeds: [{ kind: "const"; value: [103, 114, 111, 117, 112, 95, 100, 101, 97, 108]; }, { kind: "account"; path: "promotion"; }, { kind: "arg"; path: "dealId"; }]; }; } | ... 4 more ... | { ...; }>'.
src/services/solana.service.ts(657,11): error TS2353: Object literal may only specify known properties, and 'participant' does not exist in type 'ResolvedAccounts<{ name: "participant"; writable: true; pda: { seeds: [{ kind: "const"; value: [112, 97, 114, 116, 105, 99, 105, 112, 97, 110, 116]; }, { kind: "account"; path: "groupDeal"; }, { kind: "account"; path: "user"; }]; }; } | ... 4 more ... | { ...; }>'.
src/services/solana.service.ts(694,11): error TS2353: Object literal may only specify known properties, and 'escrowVault' does not exist in type 'ResolvedAccounts<{ name: "groupDeal"; writable: true; } | { name: "promotion"; writable: true; } | { name: "merchant"; writable: true; } | { name: "marketplace"; writable: true; } | { name: "escrowVault"; writable: true; pda: { ...; }; } | { ...; } | { ...; } | { ...; }>'.
src/services/solana.service.ts(725,11): error TS2353: Object literal may only specify known properties, and 'escrowVault' does not exist in type 'ResolvedAccounts<{ name: "groupDeal"; writable: true; } | { name: "participant"; writable: true; } | { name: "escrowVault"; writable: true; pda: { seeds: [{ kind: "const"; value: [103, 114, 111, 117, 112, 95, ... 5 more ..., 119]; }, { ...; }]; }; } | { ...; } | { ...; }>'.
src/services/solana.service.ts(755,11): error TS2353: Object literal may only specify known properties, and 'coupon' does not exist in type 'ResolvedAccounts<{ name: "coupon"; writable: true; pda: { seeds: [{ kind: "const"; value: [103, 114, 111, 117, 112, 95, 99, 111, 117, 112, 111, 110]; }, { kind: "account"; path: "groupDeal"; }, { kind: "account"; path: "participant.user"; account: "groupParticipant"; }]; }; } | ... 4 more ... | { ...; }>'.
src/services/solana.service.ts(792,11): error TS2345: Argument of type '[BN, { english?: {}; } | { dutch?: {}; } | { sealedBid?: {}; }, BN, BN, BN, boolean, BN]' is not assignable to parameter of type 'ArgsTuple<[{ name: "auctionId"; type: "u64"; }, { name: "auctionType"; type: { defined: { name: "auctionType"; }; }; }, { name: "startingPrice"; type: "u64"; }, { name: "reservePrice"; type: "u64"; }, { name: "durationSeconds"; type: "i64"; }, { ...; }, { ...; }], RecursiveDepth4<...>>'.
  Type '[BN, { english?: {}; } | { dutch?: {}; } | { sealedBid?: {}; }, BN, BN, BN, boolean, BN]' is not assignable to type '[BN, DecodeEnum<{ kind: "enum"; variants: [{ name: "english"; }, { name: "dutch"; }, { name: "sealedBid"; }]; }, DecodedHelper<[{ name: "auctionCancelled"; type: { kind: "struct"; fields: [{ name: "auction"; type: "pubkey"; }, { ...; }, { ...; }]; }; }, ... 50 more ..., { ...; }], DecodedHelper<...>>>, ... 4 more .....'.
    Type at position 1 in source is not compatible with type at position 1 in target.
      Type '{ english?: {}; } | { dutch?: {}; } | { sealedBid?: {}; }' is not assignable to type 'DecodeEnum<{ kind: "enum"; variants: [{ name: "english"; }, { name: "dutch"; }, { name: "sealedBid"; }]; }, DecodedHelper<[{ name: "auctionCancelled"; type: { kind: "struct"; fields: [{ name: "auction"; type: "pubkey"; }, { ...; }, { ...; }]; }; }, ... 50 more ..., { ...; }], DecodedHelper<...>>>'.
        Type '{ english?: {}; }' is not assignable to type 'DecodeEnum<{ kind: "enum"; variants: [{ name: "english"; }, { name: "dutch"; }, { name: "sealedBid"; }]; }, DecodedHelper<[{ name: "auctionCancelled"; type: { kind: "struct"; fields: [{ name: "auction"; type: "pubkey"; }, { ...; }, { ...; }]; }; }, ... 50 more ..., { ...; }], DecodedHelper<...>>>'.
          Type '{ english?: {}; }' is not assignable to type '{ english?: never; dutch?: never; } & { sealedBid: Record<string, never>; }'.
            Type '{ english?: {}; }' is not assignable to type '{ english?: never; dutch?: never; }'.
              Types of property 'english' are incompatible.
                Type '{}' is not assignable to type 'never'.
src/services/solana.service.ts(801,11): error TS2353: Object literal may only specify known properties, and 'auction' does not exist in type 'ResolvedAccounts<{ name: "auction"; writable: true; pda: { seeds: [{ kind: "const"; value: [97, 117, 99, 116, 105, 111, 110]; }, { kind: "account"; path: "coupon"; }, { kind: "arg"; path: "auctionId"; }]; }; } | { ...; } | { ...; } | { ...; } | { ...; }>'.
src/services/solana.service.ts(835,11): error TS2353: Object literal may only specify known properties, and 'bid' does not exist in type 'ResolvedAccounts<{ name: "bid"; writable: true; pda: { seeds: [{ kind: "const"; value: [98, 105, 100]; }, { kind: "account"; path: "auction"; }, { kind: "account"; path: "bidder"; }, { kind: "account"; path: "auction.bid_count"; account: "couponAuction"; }]; }; } | ... 5 more ... | { ...; }>'.
src/services/solana.service.ts(874,11): error TS2353: Object literal may only specify known properties, and 'userStats' does not exist in type 'ResolvedAccounts<{ name: "auction"; writable: true; } | { name: "coupon"; writable: true; } | { name: "marketplace"; } | { name: "seller"; writable: true; } | { name: "marketplaceAuthority"; writable: true; } | { ...; } | { ...; } | { ...; }>'.
src/services/solana.service.ts(913,11): error TS2353: Object literal may only specify known properties, and 'escrow' does not exist in type 'ResolvedAccounts<{ name: "auction"; writable: true; } | { name: "coupon"; writable: true; } | { name: "marketplace"; } | { name: "escrow"; writable: true; pda: { seeds: [{ kind: "const"; value: [97, 117, 99, 116, ... 9 more ..., 119]; }, { ...; }]; }; } | ... 5 more ... | { ...; }>'.
src/services/solana.service.ts(968,11): error TS2353: Object literal may only specify known properties, and 'stakingPool' does not exist in type 'ResolvedAccounts<{ name: "stakingPool"; writable: true; pda: { seeds: [{ kind: "const"; value: [115, 116, 97, 107, 105, 110, 103, 95, 112, 111, 111, 108]; }]; }; } | { name: "authority"; writable: true; signer: true; } | { ...; }>'.
src/services/solana.service.ts(1006,11): error TS2353: Object literal may only specify known properties, and 'stakeAccount' does not exist in type 'ResolvedAccounts<{ name: "stakeAccount"; writable: true; pda: { seeds: [{ kind: "const"; value: [115, 116, 97, 107, 101]; }, { kind: "account"; path: "coupon"; }, { kind: "account"; path: "user"; }]; }; } | { name: "stakingPool"; writable: true; pda: { ...; }; } | ... 6 more ... | { ...; }>'.
src/services/solana.service.ts(1050,11): error TS2353: Object literal may only specify known properties, and 'stakeAccount' does not exist in type 'ResolvedAccounts<{ name: "stakeAccount"; writable: true; pda: { seeds: [{ kind: "const"; value: [115, 116, 97, 107, 101]; }, { kind: "account"; path: "stake_account.coupon"; account: "stakeAccount"; }, { ...; }]; }; } | ... 7 more ... | { ...; }>'.
src/services/solana.service.ts(1132,20): error TS2345: Argument of type '[{ firstPurchase?: {}; } | { tenRedemptions?: {}; } | { fiftyRedemptions?: {}; } | { topReviewer?: {}; } | { earlyAdopter?: {}; } | { merchantPartner?: {}; } | { communityModerator?: {}; }]' is not assignable to parameter of type 'ArgsTuple<[{ name: "badgeType"; type: { defined: { name: "badgeType"; }; }; }], RecursiveDepth4<[{ name: "auctionCancelled"; type: { kind: "struct"; fields: [{ name: "auction"; type: "pubkey"; }, { name: "reason"; type: "string"; }, { ...; }]; }; }, ... 50 more ..., { ...; }], DecodedHelper<...>>>'.
  Type '[{ firstPurchase?: {}; } | { tenRedemptions?: {}; } | { fiftyRedemptions?: {}; } | { topReviewer?: {}; } | { earlyAdopter?: {}; } | { merchantPartner?: {}; } | { communityModerator?: {}; }]' is not assignable to type '[DecodeEnum<{ kind: "enum"; variants: [{ name: "firstPurchase"; }, { name: "tenRedemptions"; }, { name: "fiftyRedemptions"; }, { name: "topReviewer"; }, { name: "earlyAdopter"; }, { name: "merchantPartner"; }, { ...; }]; }, DecodedHelper<...>>]'.
    Type '{ firstPurchase?: {}; } | { tenRedemptions?: {}; } | { fiftyRedemptions?: {}; } | { topReviewer?: {}; } | { earlyAdopter?: {}; } | { merchantPartner?: {}; } | { communityModerator?: {}; }' is not assignable to type 'DecodeEnum<{ kind: "enum"; variants: [{ name: "firstPurchase"; }, { name: "tenRedemptions"; }, { name: "fiftyRedemptions"; }, { name: "topReviewer"; }, { name: "earlyAdopter"; }, { name: "merchantPartner"; }, { ...; }]; }, DecodedHelper<...>>'.
      Type '{ firstPurchase?: {}; }' is not assignable to type 'DecodeEnum<{ kind: "enum"; variants: [{ name: "firstPurchase"; }, { name: "tenRedemptions"; }, { name: "fiftyRedemptions"; }, { name: "topReviewer"; }, { name: "earlyAdopter"; }, { name: "merchantPartner"; }, { ...; }]; }, DecodedHelper<...>>'.
        Type '{ firstPurchase?: {}; }' is not assignable to type '{ firstPurchase?: never; tenRedemptions?: never; fiftyRedemptions?: never; topReviewer?: never; earlyAdopter?: never; merchantPartner?: never; } & { communityModerator: Record<string, never>; }'.
          Type '{ firstPurchase?: {}; }' is not assignable to type '{ firstPurchase?: never; tenRedemptions?: never; fiftyRedemptions?: never; topReviewer?: never; earlyAdopter?: never; merchantPartner?: never; }'.
            Types of property 'firstPurchase' are incompatible.
              Type '{}' is not assignable to type 'never'.
src/services/solana.service.ts(1140,11): error TS2353: Object literal may only specify known properties, and 'tokenProgram' does not exist in type 'ResolvedAccounts<{ name: "badgeNft"; writable: true; } | { name: "mint"; writable: true; signer: true; } | { name: "metadata"; writable: true; } | { name: "masterEdition"; writable: true; } | { name: "user"; writable: true; signer: true; } | ... 5 more ... | { ...; }>'.
src/services/solana.service.ts(1193,25): error TS2345: Argument of type '[{ firstPurchase?: {}; } | { tenRedemptions?: {}; } | { fiftyRedemptions?: {}; } | { topReviewer?: {}; } | { earlyAdopter?: {}; } | { merchantPartner?: {}; } | { communityModerator?: {}; }]' is not assignable to parameter of type 'ArgsTuple<[{ name: "badgeType"; type: { defined: { name: "badgeType"; }; }; }], RecursiveDepth4<[{ name: "auctionCancelled"; type: { kind: "struct"; fields: [{ name: "auction"; type: "pubkey"; }, { name: "reason"; type: "string"; }, { ...; }]; }; }, ... 50 more ..., { ...; }], DecodedHelper<...>>>'.
  Type '[{ firstPurchase?: {}; } | { tenRedemptions?: {}; } | { fiftyRedemptions?: {}; } | { topReviewer?: {}; } | { earlyAdopter?: {}; } | { merchantPartner?: {}; } | { communityModerator?: {}; }]' is not assignable to type '[DecodeEnum<{ kind: "enum"; variants: [{ name: "firstPurchase"; }, { name: "tenRedemptions"; }, { name: "fiftyRedemptions"; }, { name: "topReviewer"; }, { name: "earlyAdopter"; }, { name: "merchantPartner"; }, { ...; }]; }, DecodedHelper<...>>]'.
    Type '{ firstPurchase?: {}; } | { tenRedemptions?: {}; } | { fiftyRedemptions?: {}; } | { topReviewer?: {}; } | { earlyAdopter?: {}; } | { merchantPartner?: {}; } | { communityModerator?: {}; }' is not assignable to type 'DecodeEnum<{ kind: "enum"; variants: [{ name: "firstPurchase"; }, { name: "tenRedemptions"; }, { name: "fiftyRedemptions"; }, { name: "topReviewer"; }, { name: "earlyAdopter"; }, { name: "merchantPartner"; }, { ...; }]; }, DecodedHelper<...>>'.
      Type '{ firstPurchase?: {}; }' is not assignable to type 'DecodeEnum<{ kind: "enum"; variants: [{ name: "firstPurchase"; }, { name: "tenRedemptions"; }, { name: "fiftyRedemptions"; }, { name: "topReviewer"; }, { name: "earlyAdopter"; }, { name: "merchantPartner"; }, { ...; }]; }, DecodedHelper<...>>'.
        Type '{ firstPurchase?: {}; }' is not assignable to type '{ firstPurchase?: never; tenRedemptions?: never; fiftyRedemptions?: never; topReviewer?: never; earlyAdopter?: never; merchantPartner?: never; } & { communityModerator: Record<string, never>; }'.
          Type '{ firstPurchase?: {}; }' is not assignable to type '{ firstPurchase?: never; tenRedemptions?: never; fiftyRedemptions?: never; topReviewer?: never; earlyAdopter?: never; merchantPartner?: never; }'.
            Types of property 'firstPurchase' are incompatible.
              Type '{}' is not assignable to type 'never'.
src/services/solana.service.ts(1196,11): error TS2353: Object literal may only specify known properties, and 'userStats' does not exist in type 'ResolvedAccounts<{ name: "badgeNft"; writable: true; } | { name: "userStats"; writable: true; pda: { seeds: [{ kind: "const"; value: [117, 115, 101, 114, 95, 115, 116, 97, 116, 115]; }, { kind: "account"; path: "user"; }]; }; } | ... 10 more ... | { ...; }>'.
src/utils/qr-generator.ts(25,56): error TS2769: No overload matches this call.
  Overload 1 of 6, '(canvasElement: HTMLCanvasElement, text: string | QRCodeSegment[], options?: QRCodeToDataURLOptions): Promise<string>', gave the following error.
    Argument of type '{ errorCorrectionLevel: "L" | "M" | "Q" | "H"; type: "png" | "image/png" | "image/jpeg" | "image/webp"; quality: number; margin: number; width: number; }' is not assignable to parameter of type 'string | QRCodeSegment[]'.
  Overload 2 of 6, '(text: string | QRCodeSegment[], callback: (error: Error, url: string) => void): void', gave the following error.
    Argument of type '{ errorCorrectionLevel: "L" | "M" | "Q" | "H"; type: "png" | "image/png" | "image/jpeg" | "image/webp"; quality: number; margin: number; width: number; }' is not assignable to parameter of type '(error: Error, url: string) => void'.
      Type '{ errorCorrectionLevel: "L" | "M" | "Q" | "H"; type: "png" | "image/png" | "image/jpeg" | "image/webp"; quality: number; margin: number; width: number; }' provides no match for the signature '(error: Error, url: string): void'.
  Overload 3 of 6, '(text: string | QRCodeSegment[], options?: QRCodeToDataURLOptions): Promise<string>', gave the following error.
    Argument of type '{ errorCorrectionLevel: "L" | "M" | "Q" | "H"; type: "png" | "image/png" | "image/jpeg" | "image/webp"; quality: number; margin: number; width: number; }' is not assignable to parameter of type 'QRCodeToDataURLOptions'.
      Type '{ errorCorrectionLevel: "L" | "M" | "Q" | "H"; type: "png" | "image/png" | "image/jpeg" | "image/webp"; quality: number; margin: number; width: number; }' is not assignable to type 'QRCodeToDataURLOptionsOther'.
        Types of property 'type' are incompatible.
          Type '"png" | "image/png" | "image/jpeg" | "image/webp"' is not assignable to type '"image/png"'.
            Type '"png"' is not assignable to type '"image/png"'.
src/utils/qr-generator.ts(26,5): error TS2322: Type 'void & Promise<string>' is not assignable to type 'string'.
src/utils/qr-generator.ts(45,48): error TS2769: No overload matches this call.
  Overload 1 of 3, '(text: string | QRCodeSegment[], callback: (error: Error, buffer: Buffer<ArrayBufferLike>) => void): void', gave the following error.
    Argument of type '{ errorCorrectionLevel: "L" | "M" | "Q" | "H"; type: "png" | "image/png" | "image/jpeg" | "image/webp"; quality?: number; margin: number; width: number; }' is not assignable to parameter of type '(error: Error, buffer: Buffer<ArrayBufferLike>) => void'.
      Type '{ errorCorrectionLevel: "L" | "M" | "Q" | "H"; type: "png" | "image/png" | "image/jpeg" | "image/webp"; quality?: number; margin: number; width: number; }' provides no match for the signature '(error: Error, buffer: Buffer<ArrayBufferLike>): void'.
  Overload 2 of 3, '(text: string | QRCodeSegment[], options?: QRCodeToBufferOptions): Promise<Buffer<ArrayBufferLike>>', gave the following error.
    Argument of type '{ errorCorrectionLevel: "L" | "M" | "Q" | "H"; type: "png" | "image/png" | "image/jpeg" | "image/webp"; quality?: number; margin: number; width: number; }' is not assignable to parameter of type 'QRCodeToBufferOptions'.
      Types of property 'type' are incompatible.
        Type '"png" | "image/png" | "image/jpeg" | "image/webp"' is not assignable to type '"png"'.
          Type '"image/png"' is not assignable to type '"png"'.
src/utils/qr-generator.ts(46,5): error TS2740: Type 'void & Promise<Buffer<ArrayBufferLike>>' is missing the following properties from type 'Buffer<ArrayBufferLike>': slice, subarray, write, toJSON, and 96 more.
src/utils/web3-abstraction.ts(1,33): error TS6133: 'Transaction' is declared but its value is never read.
src/utils/web3-abstraction.ts(1,46): error TS6133: 'Keypair' is declared but its value is never read.
src/utils/web3-abstraction.ts(231,37): error TS6133: 'transaction' is declared but its value is never read.
src/utils/web3-abstraction.ts(313,16): error TS2304: Cannot find name 'window'.
src/utils/web3-abstraction.ts(314,12): error TS2304: Cannot find name 'window'.
src/utils/web3-abstraction.ts(315,12): error TS2304: Cannot find name 'window'.
src/utils/web3-abstraction.ts(316,12): error TS2304: Cannot find name 'window'.
src/utils/web3-abstraction.ts(317,12): error TS2304: Cannot find name 'window'.
