src/config/solana.ts(41,7): error TS2345: Argument of type 'PublicKey' is not assignable to parameter of type 'Provider'.
  Property 'connection' is missing in type 'PublicKey' but required in type 'Provider'.
src/controllers/auction.ts(66,29): error TS2304: Cannot find name 'PublicKey'.
src/controllers/auction.ts(67,32): error TS2304: Cannot find name 'PublicKey'.
src/controllers/auction.ts(72,42): error TS2554: Expected 9 arguments, but got 6.
src/controllers/auction.ts(213,30): error TS2304: Cannot find name 'PublicKey'.
src/controllers/auction.ts(214,32): error TS2304: Cannot find name 'PublicKey'.
src/controllers/auction.ts(220,9): error TS2345: Argument of type 'BN' is not assignable to parameter of type 'number'.
src/controllers/auction.ts(327,30): error TS2304: Cannot find name 'PublicKey'.
src/controllers/auction.ts(328,35): error TS2304: Cannot find name 'PublicKey'.
src/controllers/auction.ts(331,42): error TS2339: Property 'settleAuction' does not exist on type 'SolanaService'.
src/controllers/badge.ts(97,30): error TS2304: Cannot find name 'PublicKey'.
src/controllers/badge.ts(100,30): error TS2304: Cannot find name 'PublicKey'.
src/controllers/badge.ts(102,23): error TS2339: Property 'program' does not exist on type 'SolanaService'.
src/controllers/badge.ts(107,47): error TS2339: Property 'program' does not exist on type 'SolanaService'.
src/controllers/badge.ts(201,30): error TS2304: Cannot find name 'PublicKey'.
src/controllers/badge.ts(204,30): error TS2304: Cannot find name 'PublicKey'.
src/controllers/badge.ts(206,23): error TS2339: Property 'program' does not exist on type 'SolanaService'.
src/controllers/badge.ts(236,30): error TS2304: Cannot find name 'PublicKey'.
src/controllers/badge.ts(239,45): error TS2339: Property 'program' does not exist on type 'SolanaService'.
src/controllers/badge.ts(253,43): error TS7006: Parameter 'b' implicitly has an 'any' type.
src/controllers/badge.ts(271,23): error TS2554: Expected 4 arguments, but got 3.
src/controllers/badge.ts(290,30): error TS2304: Cannot find name 'PublicKey'.
src/controllers/badge.ts(293,30): error TS2304: Cannot find name 'PublicKey'.
src/controllers/badge.ts(295,23): error TS2339: Property 'program' does not exist on type 'SolanaService'.
src/controllers/badge.ts(299,47): error TS2339: Property 'program' does not exist on type 'SolanaService'.
src/controllers/coupon.ts(17,13): error TS6133: '_walletAddress' is declared but its value is never read.
src/controllers/coupon.ts(60,32): error TS2304: Cannot find name 'PublicKey'.
src/controllers/coupon.ts(61,35): error TS2304: Cannot find name 'PublicKey'.
src/controllers/coupon.ts(62,37): error TS2304: Cannot find name 'PublicKey'.
src/controllers/coupon.ts(185,23): error TS2554: Expected 4 arguments, but got 3.
src/controllers/external.ts(25,45): error TS2339: Property 'fetchFlightDeals' does not exist on type 'AggregatorService'.
src/controllers/external.ts(91,45): error TS2339: Property 'fetchHotelDeals' does not exist on type 'AggregatorService'.
src/controllers/group-deal.ts(52,32): error TS2304: Cannot find name 'PublicKey'.
src/controllers/group-deal.ts(53,37): error TS2304: Cannot find name 'PublicKey'.
src/controllers/group-deal.ts(58,42): error TS2554: Expected 8 arguments, but got 6.
src/controllers/group-deal.ts(177,32): error TS2304: Cannot find name 'PublicKey'.
src/controllers/group-deal.ts(178,30): error TS2304: Cannot find name 'PublicKey'.
src/controllers/group-deal.ts(184,9): error TS2554: Expected 2 arguments, but got 3.
src/controllers/group-deal.ts(354,32): error TS2304: Cannot find name 'PublicKey'.
src/controllers/group-deal.ts(355,37): error TS2304: Cannot find name 'PublicKey'.
src/controllers/marketplace.ts(67,29): error TS2304: Cannot find name 'PublicKey'.
src/controllers/marketplace.ts(68,32): error TS2304: Cannot find name 'PublicKey'.
src/controllers/marketplace.ts(143,23): error TS2554: Expected 4 arguments, but got 3.
src/controllers/marketplace.ts(188,30): error TS2304: Cannot find name 'PublicKey'.
src/controllers/marketplace.ts(189,31): error TS2304: Cannot find name 'PublicKey'.
src/controllers/merchant-dashboard.ts(2,1): error TS6133: 'PublicKey' is declared but its value is never read.
src/controllers/merchant.ts(14,65): error TS6133: 'website' is declared but its value is never read.
src/controllers/merchant.ts(14,74): error TS6133: 'email' is declared but its value is never read.
src/controllers/merchant.ts(14,81): error TS6133: 'phone' is declared but its value is never read.
src/controllers/merchant.ts(26,29): error TS2304: Cannot find name 'PublicKey'.
src/controllers/merchant.ts(167,23): error TS2554: Expected 4 arguments, but got 3.
src/controllers/promotion.ts(24,9): error TS6133: 'originalPrice' is declared but its value is never read.
src/controllers/promotion.ts(25,9): error TS6133: 'images' is declared but its value is never read.
src/controllers/promotion.ts(26,9): error TS6133: 'terms' is declared but its value is never read.
src/controllers/promotion.ts(51,37): error TS2304: Cannot find name 'PublicKey'.
src/controllers/promotion.ts(181,9): error TS2322: Type '{ location?: { latitude: number; longitude: number; } | undefined; }[]' is not assignable to type '{ merchantDetails: (Document<unknown, {}, IMerchant, {}, {}> & IMerchant & Required<{ _id: unknown; }> & { __v: number; }) | undefined; onChainAddress: string; ... 23 more ...; __v: number; }[]'.
  Type '{ location?: { latitude: number; longitude: number; } | undefined; }' is missing the following properties from type '{ merchantDetails: (Document<unknown, {}, IMerchant, {}, {}> & IMerchant & Required<{ _id: unknown; }> & { __v: number; }) | undefined; onChainAddress: string; ... 23 more ...; __v: number; }': merchantDetails, onChainAddress, merchant, title, and 19 more.
src/controllers/promotion.ts(182,11): error TS2345: Argument of type '{ merchantDetails: (Document<unknown, {}, IMerchant, {}, {}> & IMerchant & Required<{ _id: unknown; }> & { __v: number; }) | undefined; onChainAddress: string; ... 23 more ...; __v: number; }[]' is not assignable to parameter of type '{ location?: { latitude: number; longitude: number; } | undefined; }[]'.
  Type '{ merchantDetails: (Document<unknown, {}, IMerchant, {}, {}> & IMerchant & Required<{ _id: unknown; }> & { __v: number; }) | undefined; onChainAddress: string; ... 23 more ...; __v: number; }' has no properties in common with type '{ location?: { latitude: number; longitude: number; } | undefined; }'.
src/controllers/promotion.ts(212,23): error TS2554: Expected 4 arguments, but got 3.
src/controllers/promotion.ts(321,32): error TS2304: Cannot find name 'PublicKey'.
src/controllers/promotion.ts(322,30): error TS2304: Cannot find name 'PublicKey'.
src/controllers/promotion.ts(406,32): error TS2304: Cannot find name 'PublicKey'.
src/controllers/promotion.ts(407,32): error TS2304: Cannot find name 'PublicKey'.
src/controllers/promotion.ts(408,31): error TS2304: Cannot find name 'PublicKey'.
src/controllers/promotion.ts(436,31): error TS2304: Cannot find name 'PublicKey'.
src/controllers/rating.ts(34,35): error TS2304: Cannot find name 'PublicKey'.
src/controllers/rating.ts(35,30): error TS2304: Cannot find name 'PublicKey'.
src/controllers/rating.ts(38,27): error TS2304: Cannot find name 'PublicKey'.
src/controllers/rating.ts(44,23): error TS2339: Property 'program' does not exist on type 'SolanaService'.
src/controllers/rating.ts(48,30): error TS2304: Cannot find name 'PublicKey'.
src/controllers/rating.ts(50,23): error TS2339: Property 'program' does not exist on type 'SolanaService'.
src/controllers/rating.ts(56,46): error TS2339: Property 'program' does not exist on type 'SolanaService'.
src/controllers/rating.ts(92,35): error TS2304: Cannot find name 'PublicKey'.
src/controllers/rating.ts(95,46): error TS2339: Property 'program' does not exist on type 'SolanaService'.
src/controllers/rating.ts(106,43): error TS7006: Parameter 'sum' implicitly has an 'any' type.
src/controllers/rating.ts(106,48): error TS7006: Parameter 'r' implicitly has an 'any' type.
src/controllers/rating.ts(111,27): error TS7006: Parameter 'r' implicitly has an 'any' type.
src/controllers/rating.ts(122,45): error TS7006: Parameter 'r' implicitly has an 'any' type.
src/controllers/rating.ts(141,23): error TS2554: Expected 4 arguments, but got 3.
src/controllers/rating.ts(162,30): error TS2304: Cannot find name 'PublicKey'.
src/controllers/rating.ts(165,46): error TS2339: Property 'program' does not exist on type 'SolanaService'.
src/controllers/rating.ts(179,45): error TS7006: Parameter 'r' implicitly has an 'any' type.
src/controllers/rating.ts(193,23): error TS2554: Expected 4 arguments, but got 3.
src/controllers/rating.ts(213,35): error TS2304: Cannot find name 'PublicKey'.
src/controllers/rating.ts(214,30): error TS2304: Cannot find name 'PublicKey'.
src/controllers/rating.ts(217,27): error TS2304: Cannot find name 'PublicKey'.
src/controllers/rating.ts(223,23): error TS2339: Property 'program' does not exist on type 'SolanaService'.
src/controllers/rating.ts(227,44): error TS2339: Property 'program' does not exist on type 'SolanaService'.
src/controllers/redemption-ticket.ts(62,29): error TS2304: Cannot find name 'PublicKey'.
src/controllers/redemption-ticket.ts(63,30): error TS2304: Cannot find name 'PublicKey'.
src/controllers/redemption-ticket.ts(69,9): error TS2345: Argument of type 'BN' is not assignable to parameter of type 'number'.
src/controllers/redemption-ticket.ts(180,29): error TS2304: Cannot find name 'PublicKey'.
src/controllers/redemption-ticket.ts(181,29): error TS2304: Cannot find name 'PublicKey'.
src/controllers/redemption-ticket.ts(182,37): error TS2304: Cannot find name 'PublicKey'.
src/controllers/redemption-ticket.ts(183,30): error TS2304: Cannot find name 'PublicKey'.
src/controllers/redemption-ticket.ts(291,29): error TS2304: Cannot find name 'PublicKey'.
src/controllers/redemption-ticket.ts(292,30): error TS2304: Cannot find name 'PublicKey'.
src/controllers/redemption.ts(178,29): error TS2304: Cannot find name 'PublicKey'.
src/controllers/redemption.ts(179,30): error TS2304: Cannot find name 'PublicKey'.
src/controllers/redemption.ts(180,37): error TS2304: Cannot find name 'PublicKey'.
src/controllers/social.ts(4,1): error TS6133: 'Promotion' is declared but its value is never read.
src/controllers/social.ts(282,13): error TS6133: 'walletAddress' is declared but its value is never read.
src/controllers/staking.ts(14,32): error TS2304: Cannot find name 'PublicKey'.
src/controllers/staking.ts(16,23): error TS2339: Property 'program' does not exist on type 'SolanaService'.
src/controllers/staking.ts(20,49): error TS2339: Property 'program' does not exist on type 'SolanaService'.
src/controllers/staking.ts(68,32): error TS2304: Cannot find name 'PublicKey'.
src/controllers/staking.ts(69,30): error TS2304: Cannot find name 'PublicKey'.
src/controllers/staking.ts(72,33): error TS2304: Cannot find name 'PublicKey'.
src/controllers/staking.ts(78,23): error TS2339: Property 'program' does not exist on type 'SolanaService'.
src/controllers/staking.ts(82,32): error TS2304: Cannot find name 'PublicKey'.
src/controllers/staking.ts(84,23): error TS2339: Property 'program' does not exist on type 'SolanaService'.
src/controllers/staking.ts(115,30): error TS2304: Cannot find name 'PublicKey'.
src/controllers/staking.ts(118,45): error TS2339: Property 'program' does not exist on type 'SolanaService'.
src/controllers/staking.ts(132,43): error TS7006: Parameter 's' implicitly has an 'any' type.
src/controllers/staking.ts(152,23): error TS2554: Expected 4 arguments, but got 3.
src/controllers/staking.ts(171,32): error TS2304: Cannot find name 'PublicKey'.
src/controllers/staking.ts(174,42): error TS2339: Property 'program' does not exist on type 'SolanaService'.
src/controllers/staking.ts(239,32): error TS2304: Cannot find name 'PublicKey'.
src/controllers/staking.ts(240,30): error TS2304: Cannot find name 'PublicKey'.
src/controllers/staking.ts(243,33): error TS2304: Cannot find name 'PublicKey'.
src/controllers/staking.ts(249,23): error TS2339: Property 'program' does not exist on type 'SolanaService'.
src/controllers/staking.ts(253,32): error TS2304: Cannot find name 'PublicKey'.
src/controllers/staking.ts(255,23): error TS2339: Property 'program' does not exist on type 'SolanaService'.
src/controllers/staking.ts(260,50): error TS2339: Property 'program' does not exist on type 'SolanaService'.
src/controllers/staking.ts(266,11): error TS2322: Type 'Response<any, Record<string, any>>' is not assignable to type 'void'.
src/controllers/user-stats.ts(52,30): error TS2304: Cannot find name 'PublicKey'.
src/controllers/user-stats.ts(55,30): error TS2304: Cannot find name 'PublicKey'.
src/controllers/user-stats.ts(57,23): error TS2339: Property 'program' does not exist on type 'SolanaService'.
src/controllers/user-stats.ts(61,47): error TS2339: Property 'program' does not exist on type 'SolanaService'.
src/controllers/user-stats.ts(118,46): error TS2339: Property 'program' does not exist on type 'SolanaService'.
src/controllers/user-stats.ts(124,47): error TS7006: Parameter 'u' implicitly has an 'any' type.
src/controllers/user-stats.ts(129,26): error TS7006: Parameter 'a' implicitly has an 'any' type.
src/controllers/user-stats.ts(129,29): error TS7006: Parameter 'b' implicitly has an 'any' type.
src/controllers/user-stats.ts(140,47): error TS7006: Parameter 'u' implicitly has an 'any' type.
src/controllers/user-stats.ts(140,50): error TS7006: Parameter 'index' implicitly has an 'any' type.
src/controllers/user-stats.ts(166,23): error TS2554: Expected 4 arguments, but got 3.
src/controllers/user-stats.ts(185,30): error TS2304: Cannot find name 'PublicKey'.
src/controllers/user-stats.ts(188,30): error TS2304: Cannot find name 'PublicKey'.
src/controllers/user-stats.ts(190,23): error TS2339: Property 'program' does not exist on type 'SolanaService'.
src/controllers/user-stats.ts(194,47): error TS2339: Property 'program' does not exist on type 'SolanaService'.
src/controllers/user-stats.ts(207,47): error TS2339: Property 'program' does not exist on type 'SolanaService'.
src/controllers/user-stats.ts(216,37): error TS7006: Parameter 'nft' implicitly has an 'any' type.
src/controllers/user-stats.ts(258,48): error TS2339: Property 'program' does not exist on type 'SolanaService'.
src/controllers/user-stats.ts(261,51): error TS7006: Parameter 'sum' implicitly has an 'any' type.
src/controllers/user-stats.ts(261,56): error TS7006: Parameter 'u' implicitly has an 'any' type.
src/controllers/user-stats.ts(262,53): error TS7006: Parameter 'sum' implicitly has an 'any' type.
src/controllers/user-stats.ts(262,58): error TS7006: Parameter 'u' implicitly has an 'any' type.
src/controllers/user-stats.ts(263,49): error TS7006: Parameter 'sum' implicitly has an 'any' type.
src/controllers/user-stats.ts(263,54): error TS7006: Parameter 'u' implicitly has an 'any' type.
src/controllers/user-stats.ts(264,50): error TS7006: Parameter 'sum' implicitly has an 'any' type.
src/controllers/user-stats.ts(264,55): error TS7006: Parameter 'u' implicitly has an 'any' type.
src/controllers/user-stats.ts(275,29): error TS7006: Parameter 'u' implicitly has an 'any' type.
src/middleware/auth.ts(36,7): error TS2322: Type 'Response<any, Record<string, any>>' is not assignable to type 'void'.
src/middleware/auth.ts(48,7): error TS2322: Type 'Response<any, Record<string, any>>' is not assignable to type 'void'.
src/middleware/auth.ts(55,5): error TS2322: Type 'Response<any, Record<string, any>>' is not assignable to type 'void'.
src/middleware/validation.ts(106,3): error TS6133: 'req' is declared but its value is never read.
src/middleware/validation.ts(108,3): error TS6133: 'next' is declared but its value is never read.
src/routes/auth.ts(109,9): error TS2353: Object literal may only specify known properties, and 'merchant' does not exist in type 'ResolvedAccounts<{ name: "merchant"; writable: true; pda: { seeds: [{ kind: "const"; value: [109, 101, 114, 99, 104, 97, 110, 116]; }, { kind: "account"; path: "authority"; }]; }; } | { name: "marketplace"; writable: true; } | { ...; } | { ...; }>'.
src/routes/upload.ts(2,20): error TS2307: Cannot find module 'multer' or its corresponding type declarations.
src/routes/upload.ts(19,42): error TS2694: Namespace 'global.Express' has no exported member 'Multer'.
src/routes/upload.ts(29,39): error TS2694: Namespace 'global.Express' has no exported member 'Multer'.
src/routes/upload.ts(40,41): error TS2694: Namespace 'global.Express' has no exported member 'Multer'.
src/routes/upload.ts(60,14): error TS2339: Property 'file' does not exist on type 'Request<{ type: string; }, any, any, ParsedQs, Record<string, any>>'.
src/routes/upload.ts(68,56): error TS2339: Property 'file' does not exist on type 'Request<{ type: string; }, any, any, ParsedQs, Record<string, any>>'.
src/routes/upload.ts(73,23): error TS2339: Property 'file' does not exist on type 'Request<{ type: string; }, any, any, ParsedQs, Record<string, any>>'.
src/routes/upload.ts(75,19): error TS2339: Property 'file' does not exist on type 'Request<{ type: string; }, any, any, ParsedQs, Record<string, any>>'.
src/routes/upload.ts(76,23): error TS2339: Property 'file' does not exist on type 'Request<{ type: string; }, any, any, ParsedQs, Record<string, any>>'.
src/scripts/seed-database.ts(39,13): error TS2353: Object literal may only specify known properties, and 'marketplace' does not exist in type 'ResolvedAccounts<{ name: "marketplace"; writable: true; pda: { seeds: [{ kind: "const"; value: [109, 97, 114, 107, 101, 116, 112, 108, 97, 99, 101]; }]; }; } | { name: "authority"; writable: true; signer: true; } | { ...; }>'.
src/scripts/seed-database.ts(150,13): error TS2353: Object literal may only specify known properties, and 'merchant' does not exist in type 'ResolvedAccounts<{ name: "merchant"; writable: true; pda: { seeds: [{ kind: "const"; value: [109, 101, 114, 99, 104, 97, 110, 116]; }, { kind: "account"; path: "authority"; }]; }; } | { name: "marketplace"; writable: true; } | { ...; } | { ...; }>'.
src/scripts/seed-database.ts(215,13): error TS2353: Object literal may only specify known properties, and 'promotion' does not exist in type 'ResolvedAccounts<{ name: "promotion"; writable: true; pda: { seeds: [{ kind: "const"; value: [112, 114, 111, 109, 111, 116, 105, 111, 110]; }, { kind: "account"; path: "merchant"; }, { kind: "account"; path: "merchant.total_coupons_created"; account: "merchant"; }]; }; } | { ...; } | { ...; } | { ...; }>'.
src/services/aggregator.service.ts(28,67): error TS6133: 'date' is declared but its value is never read.
src/services/aggregator.service.ts(104,27): error TS6133: 'category' is declared but its value is never read.
src/services/aggregator.service.ts(237,35): error TS6133: 'data' is declared but its value is never read.
src/services/aggregator.service.ts(242,32): error TS6133: 'data' is declared but its value is never read.
src/services/redemption.service.ts(74,11): error TS2365: Operator '<' cannot be applied to types 'BN' and 'number'.
src/services/redemption.service.ts(161,25): error TS2365: Operator '>' cannot be applied to types 'BN' and 'number'.
src/services/solana.service.ts(22,11): error TS2353: Object literal may only specify known properties, and 'marketplace' does not exist in type 'ResolvedAccounts<{ name: "marketplace"; writable: true; pda: { seeds: [{ kind: "const"; value: [109, 97, 114, 107, 101, 116, 112, 108, 97, 99, 101]; }]; }; } | { name: "authority"; writable: true; signer: true; } | { ...; }>'.
src/services/solana.service.ts(53,11): error TS2353: Object literal may only specify known properties, and 'merchant' does not exist in type 'ResolvedAccounts<{ name: "merchant"; writable: true; pda: { seeds: [{ kind: "const"; value: [109, 101, 114, 99, 104, 97, 110, 116]; }, { kind: "account"; path: "authority"; }]; }; } | { name: "marketplace"; writable: true; } | { ...; } | { ...; }>'.
src/services/solana.service.ts(96,11): error TS2353: Object literal may only specify known properties, and 'promotion' does not exist in type 'ResolvedAccounts<{ name: "promotion"; writable: true; pda: { seeds: [{ kind: "const"; value: [112, 114, 111, 109, 111, 116, 105, 111, 110]; }, { kind: "account"; path: "merchant"; }, { kind: "account"; path: "merchant.total_coupons_created"; account: "merchant"; }]; }; } | { ...; } | { ...; } | { ...; }>'.
src/services/solana.service.ts(167,11): error TS2353: Object literal may only specify known properties, and 'coupon' does not exist in type 'ResolvedAccounts<{ name: "coupon"; writable: true; pda: { seeds: [{ kind: "const"; value: [99, 111, 117, 112, 111, 110]; }, { kind: "account"; path: "promotion"; }, { kind: "account"; path: "promotion.current_supply"; account: "promotion"; }]; }; } | ... 16 more ... | { ...; }>'.
src/services/solana.service.ts(229,11): error TS2353: Object literal may only specify known properties, and 'userStats' does not exist in type 'ResolvedAccounts<{ name: "coupon"; writable: true; } | { name: "nftMint"; writable: true; } | { name: "tokenAccount"; writable: true; } | { name: "merchant"; writable: true; } | { name: "userStats"; writable: true; pda: { ...; }; } | { ...; } | { ...; } | { ...; } | { ...; }>'.
src/services/solana.service.ts(263,11): error TS2353: Object literal may only specify known properties, and 'listing' does not exist in type 'ResolvedAccounts<{ name: "listing"; writable: true; pda: { seeds: [{ kind: "const"; value: [108, 105, 115, 116, 105, 110, 103]; }, { kind: "account"; path: "coupon"; }]; }; } | { name: "coupon"; } | { name: "userStats"; writable: true; pda: { ...; }; } | { ...; } | { ...; }>'.
src/services/solana.service.ts(288,13): error TS6133: 'coupon' is declared but its value is never read.
src/services/solana.service.ts(301,11): error TS2353: Object literal may only specify known properties, and 'systemProgram' does not exist in type 'ResolvedAccounts<{ name: "listing"; writable: true; } | { name: "coupon"; writable: true; } | { name: "marketplace"; } | { name: "seller"; writable: true; } | { name: "buyer"; writable: true; signer: true; } | { name: "marketplaceAuthority"; writable: true; } | { ...; }>'.
src/services/solana.service.ts(353,11): error TS2353: Object literal may only specify known properties, and 'rating' does not exist in type 'ResolvedAccounts<{ name: "rating"; writable: true; pda: { seeds: [{ kind: "const"; value: [114, 97, 116, 105, 110, 103]; }, { kind: "account"; path: "user"; }, { kind: "account"; path: "promotion"; }]; }; } | { name: "promotion"; } | { ...; } | { ...; } | { ...; }>'.
src/services/solana.service.ts(380,5): error TS6133: 'commentId' is declared but its value is never read.
src/services/solana.service.ts(391,11): error TS2353: Object literal may only specify known properties, and 'comment' does not exist in type 'ResolvedAccounts<{ name: "comment"; writable: true; pda: { seeds: [{ kind: "const"; value: [99, 111, 109, 109, 101, 110, 116]; }, { kind: "account"; path: "user"; }, { kind: "account"; path: "promotion"; }]; }; } | ... 4 more ... | { ...; }>'.
src/services/solana.service.ts(424,11): error TS2353: Object literal may only specify known properties, and 'commentLike' does not exist in type 'ResolvedAccounts<{ name: "commentLike"; writable: true; pda: { seeds: [{ kind: "const"; value: [99, 111, 109, 109, 101, 110, 116, 95, 108, 105, 107, 101]; }, { kind: "account"; path: "user"; }, { kind: "account"; path: "comment"; }]; }; } | { ...; } | { ...; } | { ...; }>'.
src/services/solana.service.ts(469,11): error TS2353: Object literal may only specify known properties, and 'externalDeal' does not exist in type 'ResolvedAccounts<{ name: "externalDeal"; writable: true; pda: { seeds: [{ kind: "const"; value: [101, 120, 116, 101, 114, 110, 97, 108, 95, 100, 101, 97, 108]; }, { kind: "arg"; path: "externalId"; }]; }; } | { ...; } | { ...; }>'.
src/services/solana.service.ts(499,11): error TS2353: Object literal may only specify known properties, and 'ticket' does not exist in type 'ResolvedAccounts<{ name: "ticket"; writable: true; pda: { seeds: [{ kind: "const"; value: [116, 105, 99, 107, 101, 116]; }, { kind: "account"; path: "coupon"; }, { kind: "account"; path: "user"; }, { kind: "arg"; path: "nonce"; }]; }; } | { ...; } | { ...; } | { ...; }>'.
src/services/solana.service.ts(552,11): error TS2353: Object literal may only specify known properties, and 'userStats' does not exist in type 'ResolvedAccounts<{ name: "ticket"; writable: true; } | { name: "coupon"; writable: true; } | { name: "nftMint"; writable: true; } | { name: "tokenAccount"; writable: true; } | { name: "merchant"; writable: true; } | ... 4 more ... | { ...; }>'.
src/services/solana.service.ts(620,11): error TS2353: Object literal may only specify known properties, and 'groupDeal' does not exist in type 'ResolvedAccounts<{ name: "groupDeal"; writable: true; pda: { seeds: [{ kind: "const"; value: [103, 114, 111, 117, 112, 95, 100, 101, 97, 108]; }, { kind: "account"; path: "promotion"; }, { kind: "arg"; path: "dealId"; }]; }; } | ... 4 more ... | { ...; }>'.
src/services/solana.service.ts(652,11): error TS2353: Object literal may only specify known properties, and 'participant' does not exist in type 'ResolvedAccounts<{ name: "participant"; writable: true; pda: { seeds: [{ kind: "const"; value: [112, 97, 114, 116, 105, 99, 105, 112, 97, 110, 116]; }, { kind: "account"; path: "groupDeal"; }, { kind: "account"; path: "user"; }]; }; } | ... 4 more ... | { ...; }>'.
src/services/solana.service.ts(689,11): error TS2353: Object literal may only specify known properties, and 'escrowVault' does not exist in type 'ResolvedAccounts<{ name: "groupDeal"; writable: true; } | { name: "promotion"; writable: true; } | { name: "merchant"; writable: true; } | { name: "marketplace"; writable: true; } | { name: "escrowVault"; writable: true; pda: { ...; }; } | { ...; } | { ...; } | { ...; }>'.
src/services/solana.service.ts(720,11): error TS2353: Object literal may only specify known properties, and 'escrowVault' does not exist in type 'ResolvedAccounts<{ name: "groupDeal"; writable: true; } | { name: "participant"; writable: true; } | { name: "escrowVault"; writable: true; pda: { seeds: [{ kind: "const"; value: [103, 114, 111, 117, 112, 95, ... 5 more ..., 119]; }, { ...; }]; }; } | { ...; } | { ...; }>'.
src/services/solana.service.ts(750,11): error TS2353: Object literal may only specify known properties, and 'coupon' does not exist in type 'ResolvedAccounts<{ name: "coupon"; writable: true; pda: { seeds: [{ kind: "const"; value: [103, 114, 111, 117, 112, 95, 99, 111, 117, 112, 111, 110]; }, { kind: "account"; path: "groupDeal"; }, { kind: "account"; path: "participant.user"; account: "groupParticipant"; }]; }; } | ... 4 more ... | { ...; }>'.
src/services/solana.service.ts(787,11): error TS2345: Argument of type '[BN, { english?: {} | undefined; } | { dutch?: {} | undefined; } | { sealedBid?: {} | undefined; }, BN, BN, BN, boolean, BN]' is not assignable to parameter of type 'ArgsTuple<[{ name: "auctionId"; type: "u64"; }, { name: "auctionType"; type: { defined: { name: "auctionType"; }; }; }, { name: "startingPrice"; type: "u64"; }, { name: "reservePrice"; type: "u64"; }, { name: "durationSeconds"; type: "i64"; }, { ...; }, { ...; }], RecursiveDepth4<...>>'.
  Type '[BN, { english?: {} | undefined; } | { dutch?: {} | undefined; } | { sealedBid?: {} | undefined; }, BN, BN, BN, boolean, BN]' is not assignable to type '[BN, DecodeEnum<{ kind: "enum"; variants: [{ name: "english"; }, { name: "dutch"; }, { name: "sealedBid"; }]; }, DecodedHelper<[{ name: "auctionCancelled"; type: { kind: "struct"; fields: [{ name: "auction"; type: "pubkey"; }, { ...; }, { ...; }]; }; }, ... 50 more ..., { ...; }], DecodedHelper<...>>>, ... 4 more .....'.
    Type at position 1 in source is not compatible with type at position 1 in target.
      Type '{ english?: {} | undefined; } | { dutch?: {} | undefined; } | { sealedBid?: {} | undefined; }' is not assignable to type 'DecodeEnum<{ kind: "enum"; variants: [{ name: "english"; }, { name: "dutch"; }, { name: "sealedBid"; }]; }, DecodedHelper<[{ name: "auctionCancelled"; type: { kind: "struct"; fields: [{ name: "auction"; type: "pubkey"; }, { ...; }, { ...; }]; }; }, ... 50 more ..., { ...; }], DecodedHelper<...>>>'.
        Type '{ english?: {} | undefined; }' is not assignable to type 'DecodeEnum<{ kind: "enum"; variants: [{ name: "english"; }, { name: "dutch"; }, { name: "sealedBid"; }]; }, DecodedHelper<[{ name: "auctionCancelled"; type: { kind: "struct"; fields: [{ name: "auction"; type: "pubkey"; }, { ...; }, { ...; }]; }; }, ... 50 more ..., { ...; }], DecodedHelper<...>>>'.
          Type '{ english?: {} | undefined; }' is not assignable to type '{ english?: undefined; dutch?: undefined; } & { sealedBid: Record<string, never>; }'.
            Type '{ english?: {} | undefined; }' is not assignable to type '{ english?: undefined; dutch?: undefined; }'.
              Types of property 'english' are incompatible.
                Type '{} | undefined' is not assignable to type 'undefined'.
                  Type '{}' is not assignable to type 'undefined'.
src/services/solana.service.ts(796,11): error TS2353: Object literal may only specify known properties, and 'auction' does not exist in type 'ResolvedAccounts<{ name: "auction"; writable: true; pda: { seeds: [{ kind: "const"; value: [97, 117, 99, 116, 105, 111, 110]; }, { kind: "account"; path: "coupon"; }, { kind: "arg"; path: "auctionId"; }]; }; } | { ...; } | { ...; } | { ...; } | { ...; }>'.
src/services/solana.service.ts(830,11): error TS2353: Object literal may only specify known properties, and 'bid' does not exist in type 'ResolvedAccounts<{ name: "bid"; writable: true; pda: { seeds: [{ kind: "const"; value: [98, 105, 100]; }, { kind: "account"; path: "auction"; }, { kind: "account"; path: "bidder"; }, { kind: "account"; path: "auction.bid_count"; account: "couponAuction"; }]; }; } | ... 5 more ... | { ...; }>'.
src/services/solana.service.ts(869,11): error TS2353: Object literal may only specify known properties, and 'userStats' does not exist in type 'ResolvedAccounts<{ name: "auction"; writable: true; } | { name: "coupon"; writable: true; } | { name: "marketplace"; } | { name: "seller"; writable: true; } | { name: "marketplaceAuthority"; writable: true; } | { ...; } | { ...; } | { ...; }>'.
src/services/solana.service.ts(908,11): error TS2353: Object literal may only specify known properties, and 'escrow' does not exist in type 'ResolvedAccounts<{ name: "auction"; writable: true; } | { name: "coupon"; writable: true; } | { name: "marketplace"; } | { name: "escrow"; writable: true; pda: { seeds: [{ kind: "const"; value: [97, 117, 99, 116, ... 9 more ..., 119]; }, { ...; }]; }; } | ... 5 more ... | { ...; }>'.
src/services/solana.service.ts(963,11): error TS2353: Object literal may only specify known properties, and 'stakingPool' does not exist in type 'ResolvedAccounts<{ name: "stakingPool"; writable: true; pda: { seeds: [{ kind: "const"; value: [115, 116, 97, 107, 105, 110, 103, 95, 112, 111, 111, 108]; }]; }; } | { name: "authority"; writable: true; signer: true; } | { ...; }>'.
src/services/solana.service.ts(1001,11): error TS2353: Object literal may only specify known properties, and 'stakeAccount' does not exist in type 'ResolvedAccounts<{ name: "stakeAccount"; writable: true; pda: { seeds: [{ kind: "const"; value: [115, 116, 97, 107, 101]; }, { kind: "account"; path: "coupon"; }, { kind: "account"; path: "user"; }]; }; } | { name: "stakingPool"; writable: true; pda: { ...; }; } | ... 6 more ... | { ...; }>'.
src/services/solana.service.ts(1045,11): error TS2353: Object literal may only specify known properties, and 'stakeAccount' does not exist in type 'ResolvedAccounts<{ name: "stakeAccount"; writable: true; pda: { seeds: [{ kind: "const"; value: [115, 116, 97, 107, 101]; }, { kind: "account"; path: "stake_account.coupon"; account: "stakeAccount"; }, { ...; }]; }; } | ... 7 more ... | { ...; }>'.
src/services/solana.service.ts(1127,20): error TS2345: Argument of type '[{ firstPurchase?: {} | undefined; } | { tenRedemptions?: {} | undefined; } | { fiftyRedemptions?: {} | undefined; } | { topReviewer?: {} | undefined; } | { earlyAdopter?: {} | undefined; } | { ...; } | { ...; }]' is not assignable to parameter of type 'ArgsTuple<[{ name: "badgeType"; type: { defined: { name: "badgeType"; }; }; }], RecursiveDepth4<[{ name: "auctionCancelled"; type: { kind: "struct"; fields: [{ name: "auction"; type: "pubkey"; }, { name: "reason"; type: "string"; }, { ...; }]; }; }, ... 50 more ..., { ...; }], DecodedHelper<...>>>'.
  Type '[{ firstPurchase?: {} | undefined; } | { tenRedemptions?: {} | undefined; } | { fiftyRedemptions?: {} | undefined; } | { topReviewer?: {} | undefined; } | { earlyAdopter?: {} | undefined; } | { ...; } | { ...; }]' is not assignable to type '[DecodeEnum<{ kind: "enum"; variants: [{ name: "firstPurchase"; }, { name: "tenRedemptions"; }, { name: "fiftyRedemptions"; }, { name: "topReviewer"; }, { name: "earlyAdopter"; }, { name: "merchantPartner"; }, { ...; }]; }, DecodedHelper<...>>]'.
    Type '{ firstPurchase?: {} | undefined; } | { tenRedemptions?: {} | undefined; } | { fiftyRedemptions?: {} | undefined; } | { topReviewer?: {} | undefined; } | { earlyAdopter?: {} | undefined; } | { ...; } | { ...; }' is not assignable to type 'DecodeEnum<{ kind: "enum"; variants: [{ name: "firstPurchase"; }, { name: "tenRedemptions"; }, { name: "fiftyRedemptions"; }, { name: "topReviewer"; }, { name: "earlyAdopter"; }, { name: "merchantPartner"; }, { ...; }]; }, DecodedHelper<...>>'.
      Type '{ firstPurchase?: {} | undefined; }' is not assignable to type 'DecodeEnum<{ kind: "enum"; variants: [{ name: "firstPurchase"; }, { name: "tenRedemptions"; }, { name: "fiftyRedemptions"; }, { name: "topReviewer"; }, { name: "earlyAdopter"; }, { name: "merchantPartner"; }, { ...; }]; }, DecodedHelper<...>>'.
        Type '{ firstPurchase?: {} | undefined; }' is not assignable to type '{ firstPurchase?: undefined; tenRedemptions?: undefined; fiftyRedemptions?: undefined; topReviewer?: undefined; earlyAdopter?: undefined; merchantPartner?: undefined; } & { communityModerator: Record<...>; }'.
          Type '{ firstPurchase?: {} | undefined; }' is not assignable to type '{ firstPurchase?: undefined; tenRedemptions?: undefined; fiftyRedemptions?: undefined; topReviewer?: undefined; earlyAdopter?: undefined; merchantPartner?: undefined; }'.
            Types of property 'firstPurchase' are incompatible.
              Type '{} | undefined' is not assignable to type 'undefined'.
                Type '{}' is not assignable to type 'undefined'.
src/services/solana.service.ts(1135,11): error TS2353: Object literal may only specify known properties, and 'tokenProgram' does not exist in type 'ResolvedAccounts<{ name: "badgeNft"; writable: true; } | { name: "mint"; writable: true; signer: true; } | { name: "metadata"; writable: true; } | { name: "masterEdition"; writable: true; } | { name: "user"; writable: true; signer: true; } | ... 5 more ... | { ...; }>'.
src/services/solana.service.ts(1188,25): error TS2345: Argument of type '[{ firstPurchase?: {} | undefined; } | { tenRedemptions?: {} | undefined; } | { fiftyRedemptions?: {} | undefined; } | { topReviewer?: {} | undefined; } | { earlyAdopter?: {} | undefined; } | { ...; } | { ...; }]' is not assignable to parameter of type 'ArgsTuple<[{ name: "badgeType"; type: { defined: { name: "badgeType"; }; }; }], RecursiveDepth4<[{ name: "auctionCancelled"; type: { kind: "struct"; fields: [{ name: "auction"; type: "pubkey"; }, { name: "reason"; type: "string"; }, { ...; }]; }; }, ... 50 more ..., { ...; }], DecodedHelper<...>>>'.
  Type '[{ firstPurchase?: {} | undefined; } | { tenRedemptions?: {} | undefined; } | { fiftyRedemptions?: {} | undefined; } | { topReviewer?: {} | undefined; } | { earlyAdopter?: {} | undefined; } | { ...; } | { ...; }]' is not assignable to type '[DecodeEnum<{ kind: "enum"; variants: [{ name: "firstPurchase"; }, { name: "tenRedemptions"; }, { name: "fiftyRedemptions"; }, { name: "topReviewer"; }, { name: "earlyAdopter"; }, { name: "merchantPartner"; }, { ...; }]; }, DecodedHelper<...>>]'.
    Type '{ firstPurchase?: {} | undefined; } | { tenRedemptions?: {} | undefined; } | { fiftyRedemptions?: {} | undefined; } | { topReviewer?: {} | undefined; } | { earlyAdopter?: {} | undefined; } | { ...; } | { ...; }' is not assignable to type 'DecodeEnum<{ kind: "enum"; variants: [{ name: "firstPurchase"; }, { name: "tenRedemptions"; }, { name: "fiftyRedemptions"; }, { name: "topReviewer"; }, { name: "earlyAdopter"; }, { name: "merchantPartner"; }, { ...; }]; }, DecodedHelper<...>>'.
      Type '{ firstPurchase?: {} | undefined; }' is not assignable to type 'DecodeEnum<{ kind: "enum"; variants: [{ name: "firstPurchase"; }, { name: "tenRedemptions"; }, { name: "fiftyRedemptions"; }, { name: "topReviewer"; }, { name: "earlyAdopter"; }, { name: "merchantPartner"; }, { ...; }]; }, DecodedHelper<...>>'.
        Type '{ firstPurchase?: {} | undefined; }' is not assignable to type '{ firstPurchase?: undefined; tenRedemptions?: undefined; fiftyRedemptions?: undefined; topReviewer?: undefined; earlyAdopter?: undefined; merchantPartner?: undefined; } & { communityModerator: Record<...>; }'.
          Type '{ firstPurchase?: {} | undefined; }' is not assignable to type '{ firstPurchase?: undefined; tenRedemptions?: undefined; fiftyRedemptions?: undefined; topReviewer?: undefined; earlyAdopter?: undefined; merchantPartner?: undefined; }'.
            Types of property 'firstPurchase' are incompatible.
              Type '{} | undefined' is not assignable to type 'undefined'.
                Type '{}' is not assignable to type 'undefined'.
src/services/solana.service.ts(1191,11): error TS2353: Object literal may only specify known properties, and 'userStats' does not exist in type 'ResolvedAccounts<{ name: "badgeNft"; writable: true; } | { name: "userStats"; writable: true; pda: { seeds: [{ kind: "const"; value: [117, 115, 101, 114, 95, 115, 116, 97, 116, 115]; }, { kind: "account"; path: "user"; }]; }; } | ... 10 more ... | { ...; }>'.
src/utils/qr-generator.ts(44,48): error TS2769: No overload matches this call.
  Overload 1 of 3, '(text: string | QRCodeSegment[], callback: (error: Error | null | undefined, buffer: Buffer<ArrayBufferLike>) => void): void', gave the following error.
    Argument of type '{ errorCorrectionLevel: "L" | "M" | "Q" | "H"; type?: "image/png" | "image/jpeg" | "image/webp"; quality?: number; margin: number; width: number; }' is not assignable to parameter of type '(error: Error | null | undefined, buffer: Buffer<ArrayBufferLike>) => void'.
      Type '{ errorCorrectionLevel: "L" | "M" | "Q" | "H"; type?: "image/png" | "image/jpeg" | "image/webp" | undefined; quality?: number | undefined; margin: number; width: number; }' provides no match for the signature '(error: Error | null | undefined, buffer: Buffer<ArrayBufferLike>): void'.
  Overload 2 of 3, '(text: string | QRCodeSegment[], options?: QRCodeToBufferOptions | undefined): Promise<Buffer<ArrayBufferLike>>', gave the following error.
    Argument of type '{ errorCorrectionLevel: "L" | "M" | "Q" | "H"; type?: "image/png" | "image/jpeg" | "image/webp"; quality?: number; margin: number; width: number; }' is not assignable to parameter of type 'QRCodeToBufferOptions'.
      Types of property 'type' are incompatible.
        Type '"image/png" | "image/jpeg" | "image/webp" | undefined' is not assignable to type '"png" | undefined'.
          Type '"image/png"' is not assignable to type '"png"'.
src/utils/qr-generator.ts(45,5): error TS2740: Type 'void & Promise<Buffer<ArrayBufferLike>>' is missing the following properties from type 'Buffer<ArrayBufferLike>': slice, subarray, write, toJSON, and 96 more.
src/utils/web3-abstraction.ts(1,33): error TS6133: 'Transaction' is declared but its value is never read.
src/utils/web3-abstraction.ts(1,46): error TS6133: 'Keypair' is declared but its value is never read.
src/utils/web3-abstraction.ts(231,37): error TS6133: 'transaction' is declared but its value is never read.
src/utils/web3-abstraction.ts(313,16): error TS2304: Cannot find name 'window'.
src/utils/web3-abstraction.ts(314,12): error TS2304: Cannot find name 'window'.
src/utils/web3-abstraction.ts(315,12): error TS2304: Cannot find name 'window'.
src/utils/web3-abstraction.ts(316,12): error TS2304: Cannot find name 'window'.
src/utils/web3-abstraction.ts(317,12): error TS2304: Cannot find name 'window'.
